<?xml version="1.0" encoding="UTF-8"?>
<testng-results ignored="1" total="12" passed="11" failed="0" skipped="0">
  <reporter-output>
  </reporter-output>
  <suite started-at="2022-12-02T19:02:24 IST" name="Default suite" finished-at="2022-12-02T19:02:24 IST" duration-ms="165">
    <groups>
    </groups>
    <test started-at="2022-12-02T19:02:24 IST" name="Default test" finished-at="2022-12-02T19:02:24 IST" duration-ms="165">
      <class name="Demo1.DiffrentAnnotationDemo">
        <test-method signature="method1()[pri:0, instance:Demo1.DiffrentAnnotationDemo@2cdd0d4b]" started-at="2022-12-02T19:02:24 IST" name="method1" finished-at="2022-12-02T19:02:24 IST" duration-ms="12" status="PASS">
          <reporter-output>
          </reporter-output>
        </test-method> <!-- method1 -->
        <test-method signature="method1()[pri:0, instance:Demo1.DiffrentAnnotationDemo@2cdd0d4b]" started-at="2022-12-02T19:02:24 IST" name="method1" finished-at="2022-12-02T19:02:24 IST" duration-ms="3" status="PASS">
          <reporter-output>
          </reporter-output>
        </test-method> <!-- method1 -->
        <test-method signature="method1()[pri:0, instance:Demo1.DiffrentAnnotationDemo@2cdd0d4b]" started-at="2022-12-02T19:02:24 IST" name="method1" finished-at="2022-12-02T19:02:24 IST" duration-ms="2" status="PASS">
          <reporter-output>
          </reporter-output>
        </test-method> <!-- method1 -->
        <test-method signature="method1()[pri:0, instance:Demo1.DiffrentAnnotationDemo@2cdd0d4b]" started-at="2022-12-02T19:02:24 IST" name="method1" finished-at="2022-12-02T19:02:24 IST" duration-ms="5" status="PASS">
          <reporter-output>
          </reporter-output>
        </test-method> <!-- method1 -->
        <test-method signature="method1()[pri:0, instance:Demo1.DiffrentAnnotationDemo@2cdd0d4b]" started-at="2022-12-02T19:02:24 IST" name="method1" finished-at="2022-12-02T19:02:24 IST" duration-ms="6" status="PASS">
          <reporter-output>
          </reporter-output>
        </test-method> <!-- method1 -->
        <test-method signature="method1()[pri:0, instance:Demo1.DiffrentAnnotationDemo@2cdd0d4b]" started-at="2022-12-02T19:02:24 IST" name="method1" finished-at="2022-12-02T19:02:24 IST" duration-ms="6" status="PASS">
          <reporter-output>
          </reporter-output>
        </test-method> <!-- method1 -->
        <test-method signature="method1()[pri:0, instance:Demo1.DiffrentAnnotationDemo@2cdd0d4b]" started-at="2022-12-02T19:02:24 IST" name="method1" finished-at="2022-12-02T19:02:24 IST" duration-ms="3" status="PASS">
          <reporter-output>
          </reporter-output>
        </test-method> <!-- method1 -->
        <test-method signature="method1()[pri:0, instance:Demo1.DiffrentAnnotationDemo@2cdd0d4b]" started-at="2022-12-02T19:02:24 IST" name="method1" finished-at="2022-12-02T19:02:24 IST" duration-ms="6" status="PASS">
          <reporter-output>
          </reporter-output>
        </test-method> <!-- method1 -->
        <test-method signature="method1()[pri:0, instance:Demo1.DiffrentAnnotationDemo@2cdd0d4b]" started-at="2022-12-02T19:02:24 IST" name="method1" finished-at="2022-12-02T19:02:24 IST" duration-ms="5" status="PASS">
          <reporter-output>
          </reporter-output>
        </test-method> <!-- method1 -->
        <test-method signature="method1()[pri:0, instance:Demo1.DiffrentAnnotationDemo@2cdd0d4b]" started-at="2022-12-02T19:02:24 IST" name="method1" finished-at="2022-12-02T19:02:24 IST" duration-ms="6" status="PASS">
          <reporter-output>
          </reporter-output>
        </test-method> <!-- method1 -->
        <test-method signature="method2()[pri:0, instance:Demo1.DiffrentAnnotationDemo@2cdd0d4b]" started-at="2022-12-02T19:02:24 IST" name="method2" finished-at="2022-12-02T19:02:24 IST" duration-ms="10" status="PASS">
          <reporter-output>
          </reporter-output>
        </test-method> <!-- method2 -->
      </class> <!-- Demo1.DiffrentAnnotationDemo -->
    </test> <!-- Default test -->
  </suite> <!-- Default suite -->
</testng-results>
