<?xml version="1.0" encoding="UTF-8"?>
<!-- Generated by org.testng.reporters.JUnitXMLReporter -->
<testsuite ignored="1" hostname="DESKTOP-P9JR9AG" failures="0" tests="11" name="Default test" time="0.165" errors="0" timestamp="2022-12-02T19:02:24 IST">
  <testcase classname="Demo1.DiffrentAnnotationDemo" name="method1" time="0.012"/>
  <testcase classname="Demo1.DiffrentAnnotationDemo" name="method1" time="0.003"/>
  <testcase classname="Demo1.DiffrentAnnotationDemo" name="method1" time="0.002"/>
  <testcase classname="Demo1.DiffrentAnnotationDemo" name="method1" time="0.005"/>
  <testcase classname="Demo1.DiffrentAnnotationDemo" name="method1" time="0.006"/>
  <testcase classname="Demo1.DiffrentAnnotationDemo" name="method1" time="0.006"/>
  <testcase classname="Demo1.DiffrentAnnotationDemo" name="method1" time="0.003"/>
  <testcase classname="Demo1.DiffrentAnnotationDemo" name="method1" time="0.006"/>
  <testcase classname="Demo1.DiffrentAnnotationDemo" name="method1" time="0.005"/>
  <testcase classname="Demo1.DiffrentAnnotationDemo" name="method1" time="0.006"/>
  <testcase classname="Demo1.DiffrentAnnotationDemo" name="method2" time="0.01"/>
  <testcase classname="Demo1.DiffrentAnnotationDemo" name="method" time="0.0">
    <ignored/>
  </testcase> <!-- method -->
</testsuite> <!-- Default test -->
