<?xml version="1.0" encoding="UTF-8"?>
<testng-results ignored="0" total="1" passed="1" failed="0" skipped="0">
  <reporter-output>
  </reporter-output>
  <suite started-at="2022-12-11T20:32:04 IST" name="Default suite" finished-at="2022-12-11T20:32:14 IST" duration-ms="9303">
    <groups>
    </groups>
    <test started-at="2022-12-11T20:32:04 IST" name="Default test" finished-at="2022-12-11T20:32:14 IST" duration-ms="9303">
      <class name="TestCases.test">
        <test-method signature="method1()[pri:0, instance:TestCases.test@6d4e5011]" started-at="2022-12-11T20:32:04 IST" name="method1" finished-at="2022-12-11T20:32:14 IST" duration-ms="9227" status="PASS">
          <reporter-output>
          </reporter-output>
        </test-method> <!-- method1 -->
      </class> <!-- TestCases.test -->
    </test> <!-- Default test -->
  </suite> <!-- Default suite -->
</testng-results>
